#
# There is insufficient memory for the Java Runtime Environment to continue.
# Native memory allocation (mmap) failed to map 130023424 bytes for G1 virtual space
# Possible reasons:
#   The system is out of physical RAM or swap space
#   The process is running with CompressedOops enabled, and the Java Heap may be blocking the growth of the native heap
# Possible solutions:
#   Reduce memory load on the system
#   Increase physical memory or swap space
#   Check if swap backing store is full
#   Decrease Java heap size (-Xmx/-Xms)
#   Decrease number of Java threads
#   Decrease Java thread stack sizes (-Xss)
#   Set larger code cache with -XX:ReservedCodeCacheSize=
#   JVM is running with Unscaled Compressed Oops mode in which the Java heap is
#     placed in the first 4GB address space. The Java Heap base address is the
#     maximum limit for the native heap growth. Please use -XX:HeapBaseMinAddress
#     to set the Java Heap base and to place the Java Heap above 4GB virtual address.
# This output file may be truncated or incomplete.
#
#  Out of Memory Error (./open/src/hotspot/os/windows/os_windows.cpp:3321), pid=6032, tid=5276
#
# JRE version:  (15.0.2+7) (build )
# Java VM: Java HotSpot(TM) 64-Bit Server VM (15.0.2+7-27, mixed mode, sharing, tiered, compressed oops, g1 gc, windows-amd64)
# No core dump will be written. Minidumps are not enabled by default on client versions of Windows
#

---------------  S U M M A R Y ------------

Command Line: C:\Users\diurno\AppData\Local\Temp\surefire5925336553967631864\surefirebooter1085204509068865057.jar C:\Users\diurno\AppData\Local\Temp\surefire5925336553967631864 2023-06-18T23-02-34_617-jvmRun1 surefire10185117144097044037tmp surefire_016447996604298292308tmp

Host: Intel(R) Core(TM) i5-4300M CPU @ 2.60GHz, 4 cores, 7G,  Windows 10 , 64 bit Build 19041 (10.0.19041.3031)
Time: Sun Jun 18 23:02:35 2023 Hora est. Sudamérica Pacífico elapsed time: 0.019445 seconds (0d 0h 0m 0s)

---------------  T H R E A D  ---------------

Current thread (0x000001d576580a10):  JavaThread "Unknown thread" [_thread_in_vm, id=5276, stack(0x000000ce06d00000,0x000000ce06e00000)]

Stack: [0x000000ce06d00000,0x000000ce06e00000]
Native frames: (J=compiled Java code, j=interpreted, Vv=VM code, C=native code)
V  [jvm.dll+0x62ae9a]
V  [jvm.dll+0x7817a9]
V  [jvm.dll+0x782f03]
V  [jvm.dll+0x783563]
V  [jvm.dll+0x216325]
V  [jvm.dll+0x6281d9]
V  [jvm.dll+0x61cf55]
V  [jvm.dll+0x2cffdd]
V  [jvm.dll+0x2cfe42]
V  [jvm.dll+0x2d5e1c]
V  [jvm.dll+0x32590a]
V  [jvm.dll+0x324fd4]
V  [jvm.dll+0x2a6f5a]
V  [jvm.dll+0x2a80f8]
V  [jvm.dll+0x75e241]
V  [jvm.dll+0x3341c4]
V  [jvm.dll+0x73e926]
V  [jvm.dll+0x3b7557]
V  [jvm.dll+0x3b8fe1]
C  [jli.dll+0x52fb]
C  [ucrtbase.dll+0x21bb2]
C  [KERNEL32.DLL+0x17614]
C  [ntdll.dll+0x526f1]


---------------  P R O C E S S  ---------------

Threads class SMR info:
_java_thread_list=0x00007ff8ee7d4ff0, length=0, elements={
}

Java Threads: ( => current thread )

Other Threads:
  0x000001d5765bfc90 GCTaskThread "GC Thread#0" [stack: 0x000000ce06e00000,0x000000ce06f00000] [id=10596]
  0x000001d5765d0660 ConcurrentGCThread "G1 Main Marker" [stack: 0x000000ce06f00000,0x000000ce07000000] [id=328]
  0x000001d5765d1a70 ConcurrentGCThread "G1 Conc#0" [stack: 0x000000ce07000000,0x000000ce07100000] [id=15832]

[error occurred during error reporting (printing all threads), id 0xc0000005, EXCEPTION_ACCESS_VIOLATION (0xc0000005) at pc=0x00007ff8edfc7e27]

VM state: not at safepoint (not fully initialized)

VM Mutex/Monitor currently owned by a thread:  ([mutex/lock_event])
[0x000001d57657c180] Heap_lock - owner thread: 0x000001d576580a10

Heap address: 0x0000000084800000, size: 1976 MB, Compressed Oops mode: 32-bit
CDS archive(s) mapped at: [0x0000000000000000-0x0000000000000000-0x0000000000000000), size 0, SharedBaseAddress: 0x0000000800000000, ArchiveRelocationMode: 0.
Narrow klass base: 0x0000000000000000, Narrow klass shift: 0, Narrow klass range: 0x0

Heap:
 garbage-first heap   total 126976K, used 0K [0x0000000084800000, 0x0000000100000000)
  region size 1024K, 0 young (0K), 0 survivors (0K)
 Metaspace       used 0K, capacity 0K, committed 0K, reserved 0K
  class space    used 0K, capacity 0K, committed 0K, reserved 0K

Heap Regions: E=young(eden), S=young(survivor), O=old, HS=humongous(starts), HC=humongous(continues), CS=collection set, F=free, OA=open archive, CA=closed archive, TAMS=top-at-mark-start (previous, next)

Card table byte_map: [0x000001d57eba0000,0x000001d57ef80000] _byte_map_base: 0x000001d57e77c000

Marking Bits (Prev, Next): (CMBitMap*) 0x000001d5765c0500, (CMBitMap*) 0x000001d5765c0540
 Prev Bits: [0x000001d50f000000, 0x000001d510ee0000)
 Next Bits: [0x000001d510ee0000, 0x000001d512dc0000)

GC Heap History (0 events):
No events

Deoptimization events (0 events):
No events

Classes unloaded (0 events):
No events

Classes redefined (0 events):
No events

Internal exceptions (0 events):
No events

Events (1 events):
Event: 0.010 Loaded shared library D:\jdk\jdk-15.0.2\bin\java.dll


Dynamic libraries:
0x00007ff76d8e0000 - 0x00007ff76d8ef000 	D:\jdk\jdk-15.0.2\bin\java.exe
0x00007ff94d310000 - 0x00007ff94d508000 	C:\Windows\SYSTEM32\ntdll.dll
0x00007ff94bc50000 - 0x00007ff94bd0f000 	C:\Windows\System32\KERNEL32.DLL
0x00007ff94acf0000 - 0x00007ff94afe6000 	C:\Windows\System32\KERNELBASE.dll
0x00007ff94aaf0000 - 0x00007ff94abf0000 	C:\Windows\System32\ucrtbase.dll
0x00007ff932880000 - 0x00007ff932899000 	D:\jdk\jdk-15.0.2\bin\VCRUNTIME140.dll
0x00007ff942620000 - 0x00007ff942638000 	D:\jdk\jdk-15.0.2\bin\jli.dll
0x00007ff94cae0000 - 0x00007ff94cb8f000 	C:\Windows\System32\ADVAPI32.dll
0x00007ff94cd40000 - 0x00007ff94cdde000 	C:\Windows\System32\msvcrt.dll
0x00007ff94ca40000 - 0x00007ff94cadc000 	C:\Windows\System32\sechost.dll
0x00007ff94c260000 - 0x00007ff94c386000 	C:\Windows\System32\RPCRT4.dll
0x00007ff94c420000 - 0x00007ff94c5bd000 	C:\Windows\System32\USER32.dll
0x00007ff94acc0000 - 0x00007ff94ace2000 	C:\Windows\System32\win32u.dll
0x00007ff938550000 - 0x00007ff9387ea000 	C:\Windows\WinSxS\amd64_microsoft.windows.common-controls_6595b64144ccf1df_6.0.19041.1110_none_60b5254171f9507e\COMCTL32.dll
0x00007ff94b370000 - 0x00007ff94b39c000 	C:\Windows\System32\GDI32.dll
0x00007ff94b150000 - 0x00007ff94b265000 	C:\Windows\System32\gdi32full.dll
0x00007ff94ac20000 - 0x00007ff94acbd000 	C:\Windows\System32\msvcp_win.dll
0x00007ff9405a0000 - 0x00007ff9405aa000 	C:\Windows\SYSTEM32\VERSION.dll
0x00007ff94bc20000 - 0x00007ff94bc50000 	C:\Windows\System32\IMM32.DLL
0x00007ff942ed0000 - 0x00007ff942edc000 	D:\jdk\jdk-15.0.2\bin\vcruntime140_1.dll
0x00007ff9315a0000 - 0x00007ff931631000 	D:\jdk\jdk-15.0.2\bin\msvcp140.dll
0x00007ff8edd10000 - 0x00007ff8ee86e000 	D:\jdk\jdk-15.0.2\bin\server\jvm.dll
0x00007ff94c7d0000 - 0x00007ff94c7d8000 	C:\Windows\System32\PSAPI.DLL
0x00007ff8e78a0000 - 0x00007ff8e78a9000 	C:\Windows\SYSTEM32\WSOCK32.dll
0x00007ff93aae0000 - 0x00007ff93ab07000 	C:\Windows\SYSTEM32\WINMM.dll
0x00007ff94c3b0000 - 0x00007ff94c41b000 	C:\Windows\System32\WS2_32.dll
0x00007ff949230000 - 0x00007ff949242000 	C:\Windows\SYSTEM32\kernel.appcore.dll
0x00007ff942650000 - 0x00007ff94265a000 	D:\jdk\jdk-15.0.2\bin\jimage.dll
0x00007ff941c00000 - 0x00007ff941de4000 	C:\Windows\SYSTEM32\DBGHELP.DLL
0x00007ff941910000 - 0x00007ff941944000 	C:\Windows\SYSTEM32\dbgcore.DLL
0x00007ff94b270000 - 0x00007ff94b2f2000 	C:\Windows\System32\bcryptPrimitives.dll
0x00007ff932770000 - 0x00007ff932795000 	D:\jdk\jdk-15.0.2\bin\java.dll

dbghelp: loaded successfully - version: 4.0.5 - missing functions: none
symbol engine: initialized successfully - sym options: 0x614 - pdb path: .;D:\jdk\jdk-15.0.2\bin;C:\Windows\SYSTEM32;C:\Windows\WinSxS\amd64_microsoft.windows.common-controls_6595b64144ccf1df_6.0.19041.1110_none_60b5254171f9507e;D:\jdk\jdk-15.0.2\bin\server

VM Arguments:
java_command: C:\Users\diurno\AppData\Local\Temp\surefire5925336553967631864\surefirebooter1085204509068865057.jar C:\Users\diurno\AppData\Local\Temp\surefire5925336553967631864 2023-06-18T23-02-34_617-jvmRun1 surefire10185117144097044037tmp surefire_016447996604298292308tmp
java_class_path (initial): C:\Users\diurno\AppData\Local\Temp\surefire5925336553967631864\surefirebooter1085204509068865057.jar
Launcher Type: SUN_STANDARD

[Global flags]
     intx CICompilerCount                          = 3                                         {product} {ergonomic}
     uint ConcGCThreads                            = 1                                         {product} {ergonomic}
     uint G1ConcRefinementThreads                  = 4                                         {product} {ergonomic}
   size_t G1HeapRegionSize                         = 1048576                                   {product} {ergonomic}
    uintx GCDrainStackTargetSize                   = 64                                        {product} {ergonomic}
   size_t InitialHeapSize                          = 130023424                                 {product} {ergonomic}
   size_t MarkStackSize                            = 4194304                                   {product} {ergonomic}
   size_t MaxHeapSize                              = 2071986176                                {product} {ergonomic}
   size_t MinHeapDeltaBytes                        = 1048576                                   {product} {ergonomic}
   size_t MinHeapSize                              = 8388608                                   {product} {ergonomic}
    uintx NonNMethodCodeHeapSize                   = 5832780                                {pd product} {ergonomic}
    uintx NonProfiledCodeHeapSize                  = 122912730                              {pd product} {ergonomic}
    uintx ProfiledCodeHeapSize                     = 122912730                              {pd product} {ergonomic}
    uintx ReservedCodeCacheSize                    = 251658240                              {pd product} {ergonomic}
     bool SegmentedCodeCache                       = true                                      {product} {ergonomic}
   size_t SoftMaxHeapSize                          = 2071986176                             {manageable} {ergonomic}
     bool UseCompressedClassPointers               = true                                 {lp64_product} {ergonomic}
     bool UseCompressedOops                        = true                                 {lp64_product} {ergonomic}
     bool UseG1GC                                  = true                                      {product} {ergonomic}
     bool UseLargePagesIndividualAllocation        = false                                  {pd product} {ergonomic}

Logging:
Log output configuration:
 #0: stdout all=warning uptime,level,tags
 #1: stderr all=off uptime,level,tags

Environment Variables:
JAVA_HOME=D:\jdk\jdk-15.0.2
PATH=C:\ProgramData\Oracle\Java\javapath;C:\Program Files\Common Files\Oracle\Java\javapath;C:\Windows\system32;C:\Windows;C:\Windows\System32\Wbem;C:\Windows\System32\WindowsPowerShell\v1.0\;C:\Windows\System32\OpenSSH\;C:\Program Files (x86)\NVIDIA Corporation\PhysX\Common;d:\Users\diurno\anaconda3;d:\Users\diurno\anaconda3\Library\mingw-w64\bin;d:\Users\diurno\anaconda3\Library\usr\bin;d:\Users\diurno\anaconda3\Library\bin;d:\Users\diurno\anaconda3\Scripts;C:\Users\diurno\AppData\Local\Microsoft\WindowsApps;C:\Users\diurno\AppData\Local\Programs\Microsoft VS Code\bin;C:\Users\diurno\AppData\Local\Programs\Git\cmd
USERNAME=diurno
OS=Windows_NT
PROCESSOR_IDENTIFIER=Intel64 Family 6 Model 60 Stepping 3, GenuineIntel



---------------  S Y S T E M  ---------------

OS:
 Windows 10 , 64 bit Build 19041 (10.0.19041.3031)
OS uptime: 4 days 22:24 hours

CPU: total 4 (initial active 4) (2 cores per cpu, 2 threads per core) family 6 model 60 stepping 3 microcode 0x27, cmov, cx8, fxsr, mmx, sse, sse2, sse3, ssse3, sse4.1, sse4.2, popcnt, vzeroupper, avx, avx2, aes, clmul, erms, lzcnt, ht, tsc, tscinvbit, bmi1, bmi2, fma, clflush

Memory: 4k page, system-wide physical 7901M (493M free)
TotalPageFile size 20702M (AvailPageFile size 128M)
current process WorkingSet (physical memory assigned to process): 10M, peak: 10M
current process commit charge ("private bytes"): 52M, peak: 176M

vm_info: Java HotSpot(TM) 64-Bit Server VM (15.0.2+7-27) for windows-amd64 JRE (15.0.2+7-27), built on Dec  7 2020 20:07:01 by "mach5one" with unknown MS VC++:1925

END.
